<?xml version="1.0" encoding="UTF-8"?>
<!-- Generated by org.testng.reporters.JUnitReportReporter -->
<testsuite hostname="DESKTOP-BR3APVB" failures="0" tests="3" name="sampletestcases.LoginTests" time="0.032" errors="0" timestamp="2022-10-02T11:42:05 IST" skipped="0">
  <testcase classname="sampletestcases.LoginTests" name="verifyloginWithNoCredentials" time="0.001"/>
  <system-out/>
  <testcase classname="sampletestcases.LoginTests" name="verifyloginWithValidCredentials" time="0.001"/>
  <system-out/>
  <testcase classname="sampletestcases.LoginTests" name="verifyloginWithInValidCredentials" time="0.030"/>
  <system-out/>
</testsuite> <!-- sampletestcases.LoginTests -->
